<?xml version="1.0" encoding="UTF-8"?><testsuite errors="0" failures="1" name="Realizar compras de artículos" skipped="0" tests="1" time="145.75" timestamp="2020-06-09 08:52:13"><testcase name="Agregar artículos al carrito de compras"><failure message="Expected enabled element was not enabled" type="net.thucydides.core.webdriver.exceptions.ElementShouldBeEnabledException">Expected enabled element was not enabled</failure><system-err>Expected enabled element was not enabled&#13;
tasks.AgregarProducto.performAs(AgregarProducto.java:20)&#13;
stepdefinitions.EjemploGlobalSteps.elAgregaUnProductoAlCarro(EjemploGlobalSteps.java:33)&#13;
cucumber.runner.Runner.runPickle(Runner.java:80)&#13;
</system-err></testcase></testsuite>